<?xml version="1.0" encoding="UTF-8"?>
<testng-results ignored="0" total="1" passed="1" failed="0" skipped="0">
  <reporter-output>
  </reporter-output>
  <suite started-at="2023-02-05T21:46:20 ICT" name="Default suite" finished-at="2023-02-05T21:46:49 ICT" duration-ms="29192">
    <groups>
    </groups>
    <test started-at="2023-02-05T21:46:20 ICT" name="Default test" finished-at="2023-02-05T21:46:49 ICT" duration-ms="29192">
      <class name="firstTestPackage.FirstTest">
        <test-method signature="verifyHomepageTitle()[pri:0, instance:firstTestPackage.FirstTest@5e316c74]" started-at="2023-02-05T21:46:20 ICT" name="verifyHomepageTitle" finished-at="2023-02-05T21:46:49 ICT" duration-ms="29161" status="PASS">
          <reporter-output>
          </reporter-output>
        </test-method> <!-- verifyHomepageTitle -->
      </class> <!-- firstTestPackage.FirstTest -->
    </test> <!-- Default test -->
  </suite> <!-- Default suite -->
</testng-results>
